2012/10/21 06:38:46 [error] [exception.CException] exception 'CException' with message 'Property "deathMethods.content" is not defined.' in /var/www/shaun/yii/framework/base/CComponent.php:131
Stack trace:
#0 /var/www/shaun/yii/framework/db/ar/CActiveRecord.php(144): CComponent->__get('content')
#1 /var/www/shaun/yii/framework/demo/protected/views/deathMethods/_view.php(13): CActiveRecord->__get('content')
#2 /var/www/shaun/yii/framework/web/CBaseController.php(131): require('/var/www/shaun/...')
#3 /var/www/shaun/yii/framework/web/CBaseController.php(96): CBaseController->renderInternal('/var/www/shaun/...', Array, false)
#4 /var/www/shaun/yii/framework/zii/widgets/CListView.php(260): CBaseController->renderFile('/var/www/shaun/...', Array)
#5 /var/www/shaun/yii/framework/zii/widgets/CBaseListView.php(161): CListView->renderItems()
#6 [internal function]: CBaseListView->renderSection(Array)
#7 /var/www/shaun/yii/framework/zii/widgets/CBaseListView.php(144): preg_replace_callback('/{(\w+)}/', Array, '{summary}?{sort...')
#8 /var/www/shaun/yii/framework/zii/widgets/CBaseListView.php(129): CBaseListView->renderContent()
#9 /var/www/shaun/yii/framework/web/CBaseController.php(174): CBaseListView->run()
#10 /var/www/shaun/yii/framework/demo/protected/views/deathMethods/index.php(20): CBaseController->widget('zii.widgets.CLi...', Array)
#11 /var/www/shaun/yii/framework/web/CBaseController.php(127): require('/var/www/shaun/...')
#12 /var/www/shaun/yii/framework/web/CBaseController.php(96): CBaseController->renderInternal('/var/www/shaun/...', Array, true)
#13 /var/www/shaun/yii/framework/web/CController.php(870): CBaseController->renderFile('/var/www/shaun/...', Array, true)
#14 /var/www/shaun/yii/framework/web/CController.php(783): CController->renderPartial('index', Array, true)
#15 /var/www/shaun/yii/framework/demo/protected/controllers/DeathMethodsController.php(128): CController->render('index', Array)
#16 /var/www/shaun/yii/framework/web/actions/CInlineAction.php(50): DeathMethodsController->actionIndex()
#17 /var/www/shaun/yii/framework/web/CController.php(309): CInlineAction->runWithParams(Array)
#18 /var/www/shaun/yii/framework/web/filters/CFilterChain.php(134): CController->runAction(Object(CInlineAction))
#19 /var/www/shaun/yii/framework/web/filters/CFilter.php(41): CFilterChain->run()
#20 /var/www/shaun/yii/framework/web/CController.php(1146): CFilter->filter(Object(CFilterChain))
#21 /var/www/shaun/yii/framework/web/filters/CInlineFilter.php(59): CController->filterAccessControl(Object(CFilterChain))
#22 /var/www/shaun/yii/framework/web/filters/CFilterChain.php(131): CInlineFilter->filter(Object(CFilterChain))
#23 /var/www/shaun/yii/framework/web/CController.php(292): CFilterChain->run()
#24 /var/www/shaun/yii/framework/web/CController.php(266): CController->runActionWithFilters(Object(CInlineAction), Array)
#25 /var/www/shaun/yii/framework/web/CWebApplication.php(283): CController->run('')
#26 /var/www/shaun/yii/framework/web/CWebApplication.php(142): CWebApplication->runController('deathMethods')
#27 /var/www/shaun/yii/framework/base/CApplication.php(162): CWebApplication->processRequest()
#28 /var/www/shaun/yii/framework/demo/index.php(13): CApplication->run()
#29 {main}
REQUEST_URI=/shaun/yii/framework/demo/index.php?r=deathMethods
HTTP_REFERER=http://64.250.120.172/shaun/yii/framework/demo/index.php?r=site/index
---
2012/10/21 06:39:03 [error] [exception.CException] exception 'CException' with message 'Property "deathMethods.content" is not defined.' in /var/www/shaun/yii/framework/base/CComponent.php:131
Stack trace:
#0 /var/www/shaun/yii/framework/db/ar/CActiveRecord.php(144): CComponent->__get('content')
#1 /var/www/shaun/yii/framework/demo/protected/views/deathMethods/_view.php(13): CActiveRecord->__get('content')
#2 /var/www/shaun/yii/framework/web/CBaseController.php(131): require('/var/www/shaun/...')
#3 /var/www/shaun/yii/framework/web/CBaseController.php(96): CBaseController->renderInternal('/var/www/shaun/...', Array, false)
#4 /var/www/shaun/yii/framework/zii/widgets/CListView.php(260): CBaseController->renderFile('/var/www/shaun/...', Array)
#5 /var/www/shaun/yii/framework/zii/widgets/CBaseListView.php(161): CListView->renderItems()
#6 [internal function]: CBaseListView->renderSection(Array)
#7 /var/www/shaun/yii/framework/zii/widgets/CBaseListView.php(144): preg_replace_callback('/{(\w+)}/', Array, '{summary}?{sort...')
#8 /var/www/shaun/yii/framework/zii/widgets/CBaseListView.php(129): CBaseListView->renderContent()
#9 /var/www/shaun/yii/framework/web/CBaseController.php(174): CBaseListView->run()
#10 /var/www/shaun/yii/framework/demo/protected/views/deathMethods/index.php(20): CBaseController->widget('zii.widgets.CLi...', Array)
#11 /var/www/shaun/yii/framework/web/CBaseController.php(127): require('/var/www/shaun/...')
#12 /var/www/shaun/yii/framework/web/CBaseController.php(96): CBaseController->renderInternal('/var/www/shaun/...', Array, true)
#13 /var/www/shaun/yii/framework/web/CController.php(870): CBaseController->renderFile('/var/www/shaun/...', Array, true)
#14 /var/www/shaun/yii/framework/web/CController.php(783): CController->renderPartial('index', Array, true)
#15 /var/www/shaun/yii/framework/demo/protected/controllers/DeathMethodsController.php(128): CController->render('index', Array)
#16 /var/www/shaun/yii/framework/web/actions/CInlineAction.php(50): DeathMethodsController->actionIndex()
#17 /var/www/shaun/yii/framework/web/CController.php(309): CInlineAction->runWithParams(Array)
#18 /var/www/shaun/yii/framework/web/filters/CFilterChain.php(134): CController->runAction(Object(CInlineAction))
#19 /var/www/shaun/yii/framework/web/filters/CFilter.php(41): CFilterChain->run()
#20 /var/www/shaun/yii/framework/web/CController.php(1146): CFilter->filter(Object(CFilterChain))
#21 /var/www/shaun/yii/framework/web/filters/CInlineFilter.php(59): CController->filterAccessControl(Object(CFilterChain))
#22 /var/www/shaun/yii/framework/web/filters/CFilterChain.php(131): CInlineFilter->filter(Object(CFilterChain))
#23 /var/www/shaun/yii/framework/web/CController.php(292): CFilterChain->run()
#24 /var/www/shaun/yii/framework/web/CController.php(266): CController->runActionWithFilters(Object(CInlineAction), Array)
#25 /var/www/shaun/yii/framework/web/CWebApplication.php(283): CController->run('')
#26 /var/www/shaun/yii/framework/web/CWebApplication.php(142): CWebApplication->runController('deathMethods')
#27 /var/www/shaun/yii/framework/base/CApplication.php(162): CWebApplication->processRequest()
#28 /var/www/shaun/yii/framework/demo/index.php(13): CApplication->run()
#29 {main}
REQUEST_URI=/shaun/yii/framework/demo/index.php?r=deathMethods
HTTP_REFERER=http://64.250.120.172/shaun/yii/framework/demo/index.php?r=gii/crud
---
2012/10/21 06:39:32 [error] [exception.CException] exception 'CException' with message 'Property "deathMethods.content" is not defined.' in /var/www/shaun/yii/framework/base/CComponent.php:131
Stack trace:
#0 /var/www/shaun/yii/framework/db/ar/CActiveRecord.php(144): CComponent->__get('content')
#1 /var/www/shaun/yii/framework/demo/protected/views/deathMethods/_view.php(13): CActiveRecord->__get('content')
#2 /var/www/shaun/yii/framework/web/CBaseController.php(131): require('/var/www/shaun/...')
#3 /var/www/shaun/yii/framework/web/CBaseController.php(96): CBaseController->renderInternal('/var/www/shaun/...', Array, false)
#4 /var/www/shaun/yii/framework/zii/widgets/CListView.php(260): CBaseController->renderFile('/var/www/shaun/...', Array)
#5 /var/www/shaun/yii/framework/zii/widgets/CBaseListView.php(161): CListView->renderItems()
#6 [internal function]: CBaseListView->renderSection(Array)
#7 /var/www/shaun/yii/framework/zii/widgets/CBaseListView.php(144): preg_replace_callback('/{(\w+)}/', Array, '{summary}?{sort...')
#8 /var/www/shaun/yii/framework/zii/widgets/CBaseListView.php(129): CBaseListView->renderContent()
#9 /var/www/shaun/yii/framework/web/CBaseController.php(174): CBaseListView->run()
#10 /var/www/shaun/yii/framework/demo/protected/views/deathMethods/index.php(20): CBaseController->widget('zii.widgets.CLi...', Array)
#11 /var/www/shaun/yii/framework/web/CBaseController.php(127): require('/var/www/shaun/...')
#12 /var/www/shaun/yii/framework/web/CBaseController.php(96): CBaseController->renderInternal('/var/www/shaun/...', Array, true)
#13 /var/www/shaun/yii/framework/web/CController.php(870): CBaseController->renderFile('/var/www/shaun/...', Array, true)
#14 /var/www/shaun/yii/framework/web/CController.php(783): CController->renderPartial('index', Array, true)
#15 /var/www/shaun/yii/framework/demo/protected/controllers/DeathMethodsController.php(128): CController->render('index', Array)
#16 /var/www/shaun/yii/framework/web/actions/CInlineAction.php(50): DeathMethodsController->actionIndex()
#17 /var/www/shaun/yii/framework/web/CController.php(309): CInlineAction->runWithParams(Array)
#18 /var/www/shaun/yii/framework/web/filters/CFilterChain.php(134): CController->runAction(Object(CInlineAction))
#19 /var/www/shaun/yii/framework/web/filters/CFilter.php(41): CFilterChain->run()
#20 /var/www/shaun/yii/framework/web/CController.php(1146): CFilter->filter(Object(CFilterChain))
#21 /var/www/shaun/yii/framework/web/filters/CInlineFilter.php(59): CController->filterAccessControl(Object(CFilterChain))
#22 /var/www/shaun/yii/framework/web/filters/CFilterChain.php(131): CInlineFilter->filter(Object(CFilterChain))
#23 /var/www/shaun/yii/framework/web/CController.php(292): CFilterChain->run()
#24 /var/www/shaun/yii/framework/web/CController.php(266): CController->runActionWithFilters(Object(CInlineAction), Array)
#25 /var/www/shaun/yii/framework/web/CWebApplication.php(283): CController->run('index')
#26 /var/www/shaun/yii/framework/web/CWebApplication.php(142): CWebApplication->runController('deathMethods/in...')
#27 /var/www/shaun/yii/framework/base/CApplication.php(162): CWebApplication->processRequest()
#28 /var/www/shaun/yii/framework/demo/index.php(13): CApplication->run()
#29 {main}
REQUEST_URI=/shaun/yii/framework/demo/index.php?r=deathMethods/index
---
